0: Retrieve Number of Entries - Result 100000
1: Profile Search - query 'e' - First Match Index 1
2: Retrieve Searched Profile Details - Matched Index 1: '2276', '745745', '370487', 'Glennie Kenner'
3: Retrieve Searched Profile Details - Matched Index 1
4: Profile Search - query 'be' - First Match Index 19
5: Retrieve Searched Profile Details - Matched Index 19: '333964', '916908', '784074', 'Humberto Stansberry'
6: Retrieve Searched Profile Details - Matched Index 19
7: Profile Search - query 'ab' - No Results
0: Retrieve Number of Entries - Result 1000
1: Profile Search - query 'be' - First Match Index 43
2: Retrieve Searched Profile Details - Matched Index 43: '946259', '641645', '620162', 'Lorenza Stansberry'
3: Retrieve Searched Profile Details - Matched Index 43
4: Profile Search - query 'ab' - No Results
5: Profile Search - query 'an' - First Match Index 1
6: Retrieve Searched Profile Details - Matched Index 1: '228073', '83261', '295001', 'Jamel Brandstetter'
7: Retrieve Searched Profile Details - Matched Index 1
8: Profile Search - query '123' - No Results
0: Retrieve Number of Entries - Result 1000
1: Profile Search - query 'be' - First Match Index 13
2: Retrieve Searched Profile Details - Matched Index 13: '409747', '964874', '834924', 'Fumiko Stansberry'
3: Retrieve Searched Profile Details - Matched Index 13
4: Profile Search - query 'e' - First Match Index 1
5: Retrieve Searched Profile Details - Matched Index 1: '361803', '568588', '810228', 'Brett Esterly'
6: Retrieve Searched Profile Details - Matched Index 1
7: Profile Search - query 'a' - First Match Index 0
8: Retrieve Searched Profile Details - Matched Index 0: '770783', '426176', '306492', 'Jordan Culotta'
9: Retrieve Searched Profile Details - Matched Index 0
10: Profile Search - query 'a' - First Match Index 0
11: Retrieve Searched Profile Details - Matched Index 0: '770783', '426176', '306492', 'Jordan Culotta'
12: Retrieve Searched Profile Details - Matched Index 0
13: Profile Search - query 'means' - No Results
0: Retrieve Number of Entries - Result 100000
1: Profile Search - query 'be' - First Match Index 1
2: Retrieve Searched Profile Details - Matched Index 1: '508871', '117384', '31201', 'Toi Benjamin'
3: Retrieve Searched Profile Details - Matched Index 1
4: Profile Search - query 'nmea' - No Results
0: Retrieve Number of Entries - Result 100000
1: Profile Search - query 'beans' - No Results
0: Retrieve Number of Entries - Result 1000000
0: Retrieve Number of Entries - Result 1000000
0: Retrieve Number of Entries - Result 1000000
0: Profile Search - query 'be' - First Match Index 17
1: Retrieve Searched Profile Details - Matched Index 17: '909374', '994603', '716265', 'Esperanza Steinberg'
2: Retrieve Searched Profile Details - Matched Index 17
